TUnitTests
v7
r0
t335946127.227521
cCheck dependencies
cProcessInfoPlistFile /Users/dl106/Fish/Fish/build/Debug-iphonesimulator/UnitTests.octest/Info.plist UnitTests-Info.plist
cCompileC build/Fish.build/Debug-iphonesimulator/UnitTests.build/Objects-normal/i386/ThisShould.o /Users/dl106/Fish/Fish/ThisShould.m normal i386 objective-c com.apple.compilers.gcc.4_2
cLd /Users/dl106/Fish/Fish/build/Debug-iphonesimulator/UnitTests.octest/UnitTests normal i386
cGenerateDSYMFile /Users/dl106/Fish/Fish/build/Debug-iphonesimulator/UnitTests.octest.dSYM /Users/dl106/Fish/Fish/build/Debug-iphonesimulator/UnitTests.octest/UnitTests
cPhaseScriptExecution "Run Script" /Users/dl106/Fish/Fish/build/Fish.build/Debug-iphonesimulator/UnitTests.build/Script-B27727D114037E76004751A1.sh
cTouch /Users/dl106/Fish/Fish/build/Debug-iphonesimulator/UnitTests.octest

N/Developer/Platforms/iPhoneSimulator.platform/Developer/SDKs/iPhoneSimulator4.3.sdk
c000000004D5C9B4E0000000000000110
t1297914702
s272

N/Developer/Platforms/iPhoneSimulator.platform/Developer/SDKs/iPhoneSimulator4.3.sdk/Developer/Library/Frameworks/SenTestingKit.framework/Headers/SenTestingKit.h
c000000004D54DEB900000000000008A5
t1297407673
s2213

N/Users/dl106/Fish/Fish/ThisShould.h
c000000004E55E8CF000000000000005A
t1314253007
s90
i<SenTestingKit/SenTestingKit.h>

N/Users/dl106/Fish/Fish/ThisShould.m
c000000004E55E9EB000000000000006B
t1314253291
s107
i"ThisShould.h"

N/Users/dl106/Fish/Fish/build/Debug-iphonesimulator/UnitTests.octest
t1314253327
s136

N/Users/dl106/Fish/Fish/build/Debug-iphonesimulator/UnitTests.octest.dSYM
t1314253326
s102

N/Users/dl106/Fish/Fish/build/Debug-iphonesimulator/UnitTests.octest/Info.plist
t1314253326
s444

N/Users/dl106/Fish/Fish/build/Debug-iphonesimulator/UnitTests.octest/UnitTests
t1314253326
s9536

N/Users/dl106/Fish/Fish/build/Fish.build/Debug-iphonesimulator/UnitTests.build/Objects-normal/i386/ThisShould.o
t1314253326
s9044

N/Users/dl106/Fish/Fish/build/Fish.build/Debug-iphonesimulator/UnitTests.build/Objects-normal/i386/UnitTests.LinkFileList
c000000004E55EA0E000000000000006F
t1314253326
s111

N/Users/dl106/Fish/Fish/build/Fish.build/Debug-iphonesimulator/UnitTests.build/Script-B27727D114037E76004751A1.sh
c000000004E55EA0E0000000000000062
t1314253326
s98

NUnitTests-Info.plist
c000000004E5346F60000000000000281
t1314080502
s641

CCheck dependencies
r0
lSLF07#2@18"Check dependencies335946126#335946126#0(0"0(0#1#0"2464039568#0"0#

CCompileC build/Fish.build/Debug-iphonesimulator/UnitTests.build/Objects-normal/i386/ThisShould.o /Users/dl106/Fish/Fish/ThisShould.m normal i386 objective-c com.apple.compilers.gcc.4_2
s335946126.552563
e335946126.794323
r1
xCompileC
xbuild/Fish.build/Debug-iphonesimulator/UnitTests.build/Objects-normal/i386/ThisShould.o
x/Users/dl106/Fish/Fish/ThisShould.m
xnormal
xi386
xobjective-c
xcom.apple.compilers.gcc.4_2
lSLF07#2@43"Compile /Users/dl106/Fish/Fish/ThisShould.m335946126#335946126#0(0"0(0#0#35"/Users/dl106/Fish/Fish/ThisShould.m2464039568#1791"    cd /Users/dl106/Fish/Fish    setenv LANG en_US.US-ASCII    setenv PATH "/Developer/Platforms/iPhoneSimulator.platform/Developer/usr/bin:/Developer/usr/bin:/usr/bin:/bin:/usr/sbin:/sbin"    /Developer/Platforms/iPhoneSimulator.platform/Developer/usr/bin/gcc-4.2 -x objective-c -arch i386 -fmessage-length=0 -pipe -std=c99 -Wno-trigraphs -fpascal-strings -fasm-blocks -O0 -Wreturn-type -Wunused-variable -isysroot /Developer/Platforms/iPhoneSimulator.platform/Developer/SDKs/iPhoneSimulator4.3.sdk -fexceptions -mmacosx-version-min=10.6 -gdwarf-2 -fobjc-abi-version=2 -fobjc-legacy-dispatch -D__IPHONE_OS_VERSION_MIN_REQUIRED=40300 -iquote /Users/dl106/Fish/Fish/build/Fish.build/Debug-iphonesimulator/UnitTests.build/UnitTests-generated-files.hmap -I/Users/dl106/Fish/Fish/build/Fish.build/Debug-iphonesimulator/UnitTests.build/UnitTests-own-target-headers.hmap -I/Users/dl106/Fish/Fish/build/Fish.build/Debug-iphonesimulator/UnitTests.build/UnitTests-all-target-headers.hmap -iquote /Users/dl106/Fish/Fish/build/Fish.build/Debug-iphonesimulator/UnitTests.build/UnitTests-project-headers.hmap -F/Users/dl106/Fish/Fish/build/Debug-iphonesimulator -F/Developer/Platforms/iPhoneSimulator.platform/Developer/SDKs/iPhoneSimulator4.3.sdk/Developer/Library/Frameworks -F/Developer/Platforms/iPhoneSimulator.platform/Developer/SDKs/iPhoneSimulator4.3.sdk/Developer/Library/Frameworks -I/Users/dl106/Fish/Fish/build/Debug-iphonesimulator/include -I/Users/dl106/Fish/Fish/build/Fish.build/Debug-iphonesimulator/UnitTests.build/DerivedSources/i386 -I/Users/dl106/Fish/Fish/build/Fish.build/Debug-iphonesimulator/UnitTests.build/DerivedSources -c /Users/dl106/Fish/Fish/ThisShould.m -o /Users/dl106/Fish/Fish/build/Fish.build/Debug-iphonesimulator/UnitTests.build/Objects-normal/i386/ThisShould.o0#

CGenerateDSYMFile /Users/dl106/Fish/Fish/build/Debug-iphonesimulator/UnitTests.octest.dSYM /Users/dl106/Fish/Fish/build/Debug-iphonesimulator/UnitTests.octest/UnitTests
s335946126.835750
e335946126.855940
r1
xGenerateDSYMFile
x/Users/dl106/Fish/Fish/build/Debug-iphonesimulator/UnitTests.octest.dSYM
x/Users/dl106/Fish/Fish/build/Debug-iphonesimulator/UnitTests.octest/UnitTests
lSLF07#2@121"GenerateDSYMFile build/Debug-iphonesimulator/UnitTests.octest.dSYM build/Debug-iphonesimulator/UnitTests.octest/UnitTests335946126#335946126#0(0"0(0#0#77"/Users/dl106/Fish/Fish/build/Debug-iphonesimulator/UnitTests.octest/UnitTests2464039568#347"    cd /Users/dl106/Fish/Fish    setenv PATH "/Developer/Platforms/iPhoneSimulator.platform/Developer/usr/bin:/Developer/usr/bin:/usr/bin:/bin:/usr/sbin:/sbin"    /Developer/usr/bin/dsymutil /Users/dl106/Fish/Fish/build/Debug-iphonesimulator/UnitTests.octest/UnitTests -o /Users/dl106/Fish/Fish/build/Debug-iphonesimulator/UnitTests.octest.dSYM0#

CLd /Users/dl106/Fish/Fish/build/Debug-iphonesimulator/UnitTests.octest/UnitTests normal i386
s335946126.794484
e335946126.835600
r1
xLd
x/Users/dl106/Fish/Fish/build/Debug-iphonesimulator/UnitTests.octest/UnitTests
xnormal
xi386
lSLF07#2@82"Link /Users/dl106/Fish/Fish/build/Debug-iphonesimulator/UnitTests.octest/UnitTests335946126#335946126#0(0"0(0#0#0"2464039568#1067"    cd /Users/dl106/Fish/Fish    setenv MACOSX_DEPLOYMENT_TARGET 10.6    setenv PATH "/Developer/Platforms/iPhoneSimulator.platform/Developer/usr/bin:/Developer/usr/bin:/usr/bin:/bin:/usr/sbin:/sbin"    /Developer/Platforms/iPhoneSimulator.platform/Developer/usr/bin/gcc-4.2 -arch i386 -bundle -isysroot /Developer/Platforms/iPhoneSimulator.platform/Developer/SDKs/iPhoneSimulator4.3.sdk -L/Users/dl106/Fish/Fish/build/Debug-iphonesimulator -F/Users/dl106/Fish/Fish/build/Debug-iphonesimulator -F/Developer/Platforms/iPhoneSimulator.platform/Developer/SDKs/iPhoneSimulator4.3.sdk/Developer/Library/Frameworks -F/Developer/Platforms/iPhoneSimulator.platform/Developer/SDKs/iPhoneSimulator4.3.sdk/Developer/Library/Frameworks -filelist /Users/dl106/Fish/Fish/build/Fish.build/Debug-iphonesimulator/UnitTests.build/Objects-normal/i386/UnitTests.LinkFileList -mmacosx-version-min=10.6 -framework Foundation -framework SenTestingKit -framework UIKit -Xlinker -objc_abi_version -Xlinker 2 -o /Users/dl106/Fish/Fish/build/Debug-iphonesimulator/UnitTests.octest/UnitTests0#

CPhaseScriptExecution "Run Script" /Users/dl106/Fish/Fish/build/Fish.build/Debug-iphonesimulator/UnitTests.build/Script-B27727D114037E76004751A1.sh
s335946126.856212
e335946127.222970
r0
xPhaseScriptExecution
xRun Script
x/Users/dl106/Fish/Fish/build/Fish.build/Debug-iphonesimulator/UnitTests.build/Script-B27727D114037E76004751A1.sh
o/Developer/Tools/RunPlatformUnitTests.include:412: note: Started tests for architectures 'i386'
o/Developer/Tools/RunPlatformUnitTests.include:419: note: Running tests for architecture 'i386' (GC OFF)
oTest Suite '/Users/dl106/Fish/Fish/build/Debug-iphonesimulator/UnitTests.octest(Tests)' started at 2011-08-25 06:22:07 +0000
oTest Suite 'ThisShould' started at 2011-08-25 06:22:07 +0000
oTest Case '-[ThisShould testFailure]' started.
o/Users/dl106/Fish/Fish/ThisShould.m:9: error: -[ThisShould testFailure] : "0" should be true. 
oTest Case '-[ThisShould testFailure]' failed (0.000 seconds).
oTest Suite 'ThisShould' finished at 2011-08-25 06:22:07 +0000.
oExecuted 1 test, with 1 failure (0 unexpected) in 0.000 (0.001) seconds
o
oTest Suite '/Users/dl106/Fish/Fish/build/Debug-iphonesimulator/UnitTests.octest(Tests)' finished at 2011-08-25 06:22:07 +0000.
oExecuted 1 test, with 1 failure (0 unexpected) in 0.000 (0.004) seconds
o
o/Developer/Tools/RunPlatformUnitTests.include:448: error: Failed tests for architecture 'i386' (GC OFF)
o/Developer/Tools/RunPlatformUnitTests.include:462: note: Completed tests for architectures 'i386'
lSLF07#2@36"Run custom shell script 'Run Script'335946126#335946127#1(20@47"Run unit tests for architecture 'i386' (GC OFF)335946126#335946127#1(20@89"Run test suite /Users/dl106/Fish/Fish/build/Debug-iphonesimulator/UnitTests.octest(Tests)335946127#335946127#1(20@25"Run test suite ThisShould335946127#335946127#1(20@25"Run test case testFailure335946127#335946127#0(204"Test Case '-[ThisShould testFailure]' started./Users/dl106/Fish/Fish/ThisShould.m:9: error: -[ThisShould testFailure] : "0" should be true. Test Case '-[ThisShould testFailure]' failed (0.000 seconds).1(4@20""0" should be true. 335946127#4294967295#0#0(6@35"/Users/dl106/Fish/Fish/ThisShould.m335946091#9#0#9#0#0"0(0#0#0"13"0.000 seconds61"Test Case '-[ThisShould testFailure]' failed (0.000 seconds).11"testFailure400"Test Suite 'ThisShould' started at 2011-08-25 06:22:07 +0000Test Case '-[ThisShould testFailure]' started./Users/dl106/Fish/Fish/ThisShould.m:9: error: -[ThisShould testFailure] : "0" should be true. Test Case '-[ThisShould testFailure]' failed (0.000 seconds).Test Suite 'ThisShould' finished at 2011-08-25 06:22:07 +0000.Executed 1 test, with 1 failure (0 unexpected) in 0.000 (0.001) seconds0(0#0#22"0 out of 1 test passed13"0.001 seconds71"Executed 1 test, with 1 failure (0 unexpected) in 0.000 (0.001) seconds10"ThisShould725"Test Suite '/Users/dl106/Fish/Fish/build/Debug-iphonesimulator/UnitTests.octest(Tests)' started at 2011-08-25 06:22:07 +0000Test Suite 'ThisShould' started at 2011-08-25 06:22:07 +0000Test Case '-[ThisShould testFailure]' started./Users/dl106/Fish/Fish/ThisShould.m:9: error: -[ThisShould testFailure] : "0" should be true. Test Case '-[ThisShould testFailure]' failed (0.000 seconds).Test Suite 'ThisShould' finished at 2011-08-25 06:22:07 +0000.Executed 1 test, with 1 failure (0 unexpected) in 0.000 (0.001) secondsTest Suite '/Users/dl106/Fish/Fish/build/Debug-iphonesimulator/UnitTests.octest(Tests)' finished at 2011-08-25 06:22:07 +0000.Executed 1 test, with 1 failure (0 unexpected) in 0.000 (0.004) seconds0(0#0#22"0 out of 1 test passed13"0.004 seconds71"Executed 1 test, with 1 failure (0 unexpected) in 0.000 (0.004) seconds74"/Users/dl106/Fish/Fish/build/Debug-iphonesimulator/UnitTests.octest(Tests)934"/Developer/Tools/RunPlatformUnitTests.include:419: note: Running tests for architecture 'i386' (GC OFF)Test Suite '/Users/dl106/Fish/Fish/build/Debug-iphonesimulator/UnitTests.octest(Tests)' started at 2011-08-25 06:22:07 +0000Test Suite 'ThisShould' started at 2011-08-25 06:22:07 +0000Test Case '-[ThisShould testFailure]' started./Users/dl106/Fish/Fish/ThisShould.m:9: error: -[ThisShould testFailure] : "0" should be true. Test Case '-[ThisShould testFailure]' failed (0.000 seconds).Test Suite 'ThisShould' finished at 2011-08-25 06:22:07 +0000.Executed 1 test, with 1 failure (0 unexpected) in 0.000 (0.001) secondsTest Suite '/Users/dl106/Fish/Fish/build/Debug-iphonesimulator/UnitTests.octest(Tests)' finished at 2011-08-25 06:22:07 +0000.Executed 1 test, with 1 failure (0 unexpected) in 0.000 (0.004) seconds/Developer/Tools/RunPlatformUnitTests.include:448: error: Failed tests for architecture 'i386' (GC OFF)0(0#0#0"0"103"/Developer/Tools/RunPlatformUnitTests.include:448: error: Failed tests for architecture 'i386' (GC OFF)0"1128"/Developer/Tools/RunPlatformUnitTests.include:412: note: Started tests for architectures 'i386'/Developer/Tools/RunPlatformUnitTests.include:419: note: Running tests for architecture 'i386' (GC OFF)Test Suite '/Users/dl106/Fish/Fish/build/Debug-iphonesimulator/UnitTests.octest(Tests)' started at 2011-08-25 06:22:07 +0000Test Suite 'ThisShould' started at 2011-08-25 06:22:07 +0000Test Case '-[ThisShould testFailure]' started./Users/dl106/Fish/Fish/ThisShould.m:9: error: -[ThisShould testFailure] : "0" should be true. Test Case '-[ThisShould testFailure]' failed (0.000 seconds).Test Suite 'ThisShould' finished at 2011-08-25 06:22:07 +0000.Executed 1 test, with 1 failure (0 unexpected) in 0.000 (0.001) secondsTest Suite '/Users/dl106/Fish/Fish/build/Debug-iphonesimulator/UnitTests.octest(Tests)' finished at 2011-08-25 06:22:07 +0000.Executed 1 test, with 1 failure (0 unexpected) in 0.000 (0.004) seconds/Developer/Tools/RunPlatformUnitTests.include:448: error: Failed tests for architecture 'i386' (GC OFF)/Developer/Tools/RunPlatformUnitTests.include:462: note: Completed tests for architectures 'i386'0(0#0#0"2464039568#16893"    cd /Users/dl106/Fish/Fish    setenv ACTION build    setenv ALTERNATE_GROUP "PALLET-TOWN\\domain users"    setenv ALTERNATE_MODE u+w,go-w,a+rX    setenv ALTERNATE_OWNER dl106    setenv ALWAYS_SEARCH_USER_PATHS NO    setenv APPLE_INTERNAL_DEVELOPER_DIR /AppleInternal/Developer    setenv APPLE_INTERNAL_DIR /AppleInternal    setenv APPLE_INTERNAL_DOCUMENTATION_DIR /AppleInternal/Documentation    setenv APPLE_INTERNAL_LIBRARY_DIR /AppleInternal/Library    setenv APPLE_INTERNAL_TOOLS /AppleInternal/Developer/Tools    setenv APPLY_RULES_IN_COPY_FILES NO    setenv ARCHS i386    setenv ARCHS_STANDARD_32_BIT i386    setenv ARCHS_UNIVERSAL_IPHONE_OS i386    setenv BUILD_COMPONENTS "headers build"    setenv BUILD_DIR /Users/dl106/Fish/Fish/build    setenv BUILD_ROOT /Users/dl106/Fish/Fish/build    setenv BUILD_STYLE Debug    setenv BUILD_VARIANTS normal    setenv BUILT_PRODUCTS_DIR /Users/dl106/Fish/Fish/build/Debug-iphonesimulator    setenv CACHE_ROOT /var/folders/2X/2XWXbhY0HayA4NdwuGNXi-6scts/-Caches-/com.apple.Xcode.305701790    setenv CCHROOT /var/folders/2X/2XWXbhY0HayA4NdwuGNXi-6scts/-Caches-/com.apple.Xcode.305701790    setenv CHMOD /bin/chmod    setenv CHOWN /usr/sbin/chown    setenv CLASS_FILE_DIR /Users/dl106/Fish/Fish/build/Fish.build/Debug-iphonesimulator/UnitTests.build/JavaClasses    setenv CLEAN_PRECOMPS YES    setenv CLONE_HEADERS NO    setenv CODESIGNING_FOLDER_PATH /Users/dl106/Fish/Fish/build/Debug-iphonesimulator/UnitTests.octest    setenv CODE_SIGN_CONTEXT_CLASS XCCodeSignContext    setenv COMMAND_MODE legacy    setenv COMPOSITE_SDK_DIRS /var/folders/2X/2XWXbhY0HayA4NdwuGNXi-6scts/-Caches-/com.apple.Xcode.305701790/CompositeSDKs    setenv COMPRESS_PNG_FILES YES    setenv CONFIGURATION Debug    setenv CONFIGURATION_BUILD_DIR /Users/dl106/Fish/Fish/build/Debug-iphonesimulator    setenv CONFIGURATION_TEMP_DIR /Users/dl106/Fish/Fish/build/Fish.build/Debug-iphonesimulator    setenv CONTENTS_FOLDER_PATH UnitTests.octest    setenv COPYING_PRESERVES_HFS_DATA NO    setenv COPY_PHASE_STRIP NO    setenv COPY_RESOURCES_FROM_STATIC_FRAMEWORKS YES    setenv CP /bin/cp    setenv CURRENT_ARCH i386    setenv CURRENT_VARIANT normal    setenv DEAD_CODE_STRIPPING NO    setenv DEBUGGING_SYMBOLS YES    setenv DEBUG_INFORMATION_FORMAT dwarf-with-dsym    setenv DEPLOYMENT_LOCATION NO    setenv DEPLOYMENT_POSTPROCESSING NO    setenv DERIVED_FILES_DIR /Users/dl106/Fish/Fish/build/Fish.build/Debug-iphonesimulator/UnitTests.build/DerivedSources    setenv DERIVED_FILE_DIR /Users/dl106/Fish/Fish/build/Fish.build/Debug-iphonesimulator/UnitTests.build/DerivedSources    setenv DERIVED_SOURCES_DIR /Users/dl106/Fish/Fish/build/Fish.build/Debug-iphonesimulator/UnitTests.build/DerivedSources    setenv DEVELOPER_APPLICATIONS_DIR /Developer/Applications    setenv DEVELOPER_BIN_DIR /Developer/usr/bin    setenv DEVELOPER_DIR /Developer    setenv DEVELOPER_FRAMEWORKS_DIR /Developer/Library/Frameworks    setenv DEVELOPER_FRAMEWORKS_DIR_QUOTED "\"/Developer/Library/Frameworks\""    setenv DEVELOPER_LIBRARY_DIR /Developer/Library    setenv DEVELOPER_SDK_DIR /Developer/SDKs    setenv DEVELOPER_TOOLS_DIR /Developer/Tools    setenv DEVELOPER_USR_DIR /Developer/usr    setenv DEVELOPMENT_LANGUAGE English    setenv DOCUMENTATION_FOLDER_PATH UnitTests.octest/English.lproj/Documentation    setenv DO_HEADER_SCANNING_IN_JAM NO    setenv DSTROOT /tmp/Fish.dst    setenv DWARF_DSYM_FILE_NAME UnitTests.octest.dSYM    setenv DWARF_DSYM_FOLDER_PATH /Users/dl106/Fish/Fish/build/Debug-iphonesimulator    setenv EFFECTIVE_PLATFORM_NAME -iphonesimulator    setenv ENABLE_HEADER_DEPENDENCIES YES    setenv ENABLE_OPENMP_SUPPORT NO    setenv EXCLUDED_INSTALLSRC_SUBDIRECTORY_PATTERNS ".svn .git CVS"    setenv EXCLUDED_RECURSIVE_SEARCH_PATH_SUBDIRECTORIES "*.nib *.lproj *.framework *.gch (*) CVS .svn .git *.xcodeproj *.xcode *.pbproj *.pbxproj"    setenv EXECUTABLES_FOLDER_PATH UnitTests.octest/Executables    setenv EXECUTABLE_FOLDER_PATH UnitTests.octest    setenv EXECUTABLE_NAME UnitTests    setenv EXECUTABLE_PATH UnitTests.octest/UnitTests    setenv FILE_LIST /Users/dl106/Fish/Fish/build/Fish.build/Debug-iphonesimulator/UnitTests.build/Objects/LinkFileList    setenv FIXED_FILES_DIR /Users/dl106/Fish/Fish/build/Fish.build/Debug-iphonesimulator/UnitTests.build/FixedFiles    setenv FRAMEWORKS_FOLDER_PATH UnitTests.octest/Frameworks    setenv FRAMEWORK_FLAG_PREFIX -framework    setenv FRAMEWORK_SEARCH_PATHS "/Users/dl106/Fish/Fish/build/Debug-iphonesimulator /Developer/Platforms/iPhoneSimulator.platform/Developer/SDKs/iPhoneSimulator4.3.sdk/Developer/Library/Frameworks /Developer/Platforms/iPhoneSimulator.platform/Developer/SDKs/iPhoneSimulator4.3.sdk/Developer/Library/Frameworks"    setenv FRAMEWORK_VERSION A    setenv FULL_PRODUCT_NAME UnitTests.octest    setenv GCC3_VERSION 3.3    setenv GCC_C_LANGUAGE_STANDARD c99    setenv GCC_DYNAMIC_NO_PIC NO    setenv GCC_ENABLE_FIX_AND_CONTINUE NO    setenv GCC_ENABLE_OBJC_EXCEPTIONS YES    setenv GCC_INLINES_ARE_PRIVATE_EXTERN YES    setenv GCC_OBJC_LEGACY_DISPATCH YES    setenv GCC_OPTIMIZATION_LEVEL 0    setenv GCC_PFE_FILE_C_DIALECTS "c objective-c c++ objective-c++"    setenv GCC_TREAT_WARNINGS_AS_ERRORS NO    setenv GCC_VERSION 4.2    setenv GCC_VERSION_IDENTIFIER __2    setenv GCC_WARN_ABOUT_RETURN_TYPE YES    setenv GCC_WARN_UNUSED_VARIABLE YES    setenv GENERATE_MASTER_OBJECT_FILE NO    setenv GENERATE_PKGINFO_FILE NO    setenv GENERATE_PROFILING_CODE NO    setenv GID 1338787347    setenv GROUP "PALLET-TOWN\\domain users"    setenv HEADERMAP_INCLUDES_FLAT_ENTRIES_FOR_TARGET_BEING_BUILT YES    setenv HEADERMAP_INCLUDES_FRAMEWORK_ENTRIES_FOR_ALL_PRODUCT_TYPES YES    setenv HEADERMAP_INCLUDES_NONPUBLIC_NONPRIVATE_HEADERS YES    setenv HEADERMAP_INCLUDES_PROJECT_HEADERS YES    setenv HEADER_SEARCH_PATHS "\"/Users/dl106/Fish/Fish/build/Debug-iphonesimulator/include\" "    setenv ICONV /usr/bin/iconv    setenv INFOPLIST_EXPAND_BUILD_SETTINGS YES    setenv INFOPLIST_FILE UnitTests-Info.plist    setenv INFOPLIST_OUTPUT_FORMAT binary    setenv INFOPLIST_PATH UnitTests.octest/Info.plist    setenv INFOPLIST_PREPROCESS NO    setenv INFOSTRINGS_PATH UnitTests.octest/English.lproj/InfoPlist.strings    setenv INSTALL_DIR /tmp/Fish.dst    setenv INSTALL_GROUP "PALLET-TOWN\\domain users"    setenv INSTALL_MODE_FLAG u+w,go-w,a+rX    setenv INSTALL_OWNER dl106    setenv INSTALL_ROOT /tmp/Fish.dst    setenv IPHONEOS_DEPLOYMENT_TARGET 4.3    setenv JAVAC_DEFAULT_FLAGS "-J-Xms64m -J-XX:NewSize=4M -J-Dfile.encoding=UTF8"    setenv JAVA_APP_STUB /System/Library/Frameworks/JavaVM.framework/Resources/MacOS/JavaApplicationStub    setenv JAVA_ARCHIVE_CLASSES YES    setenv JAVA_ARCHIVE_TYPE JAR    setenv JAVA_COMPILER /usr/bin/javac    setenv JAVA_FOLDER_PATH UnitTests.octest/Java    setenv JAVA_FRAMEWORK_RESOURCES_DIRS Resources    setenv JAVA_JAR_FLAGS cv    setenv JAVA_SOURCE_SUBDIR .    setenv JAVA_USE_DEPENDENCIES YES    setenv JAVA_ZIP_FLAGS -urg    setenv JIKES_DEFAULT_FLAGS "+E +OLDCSO"    setenv KEEP_PRIVATE_EXTERNS NO    setenv LD_GENERATE_MAP_FILE NO    setenv LD_MAP_FILE_PATH /Users/dl106/Fish/Fish/build/Fish.build/Debug-iphonesimulator/UnitTests.build/UnitTests-LinkMap-normal-i386.txt    setenv LD_OPENMP_FLAGS -fopenmp    setenv LEX /Developer/usr/bin/lex    setenv LIBRARY_FLAG_NOSPACE YES    setenv LIBRARY_FLAG_PREFIX -l    setenv LIBRARY_SEARCH_PATHS "\"/Users/dl106/Fish/Fish/build/Debug-iphonesimulator\" "    setenv LINKER_DISPLAYS_MANGLED_NAMES NO    setenv LINK_FILE_LIST_normal_i386 /Users/dl106/Fish/Fish/build/Fish.build/Debug-iphonesimulator/UnitTests.build/Objects-normal/i386/UnitTests.LinkFileList    setenv LINK_WITH_STANDARD_LIBRARIES YES    setenv LOCALIZED_RESOURCES_FOLDER_PATH UnitTests.octest/English.lproj    setenv LOCAL_ADMIN_APPS_DIR /Applications/Utilities    setenv LOCAL_APPS_DIR /Applications    setenv LOCAL_DEVELOPER_DIR /Library/Developer    setenv LOCAL_LIBRARY_DIR /Library    setenv MACH_O_TYPE mh_bundle    setenv MACOSX_DEPLOYMENT_TARGET 10.6    setenv MAC_OS_X_PRODUCT_BUILD_VERSION 10J869    setenv MAC_OS_X_VERSION_ACTUAL 1067    setenv MAC_OS_X_VERSION_MAJOR 1060    setenv MAC_OS_X_VERSION_MINOR 0607    setenv NATIVE_ARCH i386    setenv NATIVE_ARCH_32_BIT i386    setenv NATIVE_ARCH_64_BIT x86_64    setenv NATIVE_ARCH_ACTUAL i386    setenv NO_COMMON YES    setenv OBJC_ABI_VERSION 2    setenv OBJECT_FILE_DIR /Users/dl106/Fish/Fish/build/Fish.build/Debug-iphonesimulator/UnitTests.build/Objects    setenv OBJECT_FILE_DIR_normal /Users/dl106/Fish/Fish/build/Fish.build/Debug-iphonesimulator/UnitTests.build/Objects-normal    setenv OBJROOT /Users/dl106/Fish/Fish/build    setenv ONLY_ACTIVE_ARCH NO    setenv OPTIMIZATION_LEVEL 0    setenv OS MACOS    setenv OSAC /usr/bin/osacompile    setenv OTHER_LDFLAGS "-framework Foundation -framework SenTestingKit -framework UIKit"    setenv PACKAGE_TYPE com.apple.package-type.wrapper    setenv PASCAL_STRINGS YES    setenv PATH "/Developer/Platforms/iPhoneSimulator.platform/Developer/usr/bin:/Developer/usr/bin:/usr/bin:/bin:/usr/sbin:/sbin"    setenv PATH_PREFIXES_EXCLUDED_FROM_HEADER_DEPENDENCIES "/usr/include /usr/local/include /System/Library/Frameworks /System/Library/PrivateFrameworks /Developer/Headers /Developer/SDKs /Developer/Platforms"    setenv PBDEVELOPMENTPLIST_PATH UnitTests.octest/pbdevelopment.plist    setenv PFE_FILE_C_DIALECTS objective-c    setenv PKGINFO_FILE_PATH /Users/dl106/Fish/Fish/build/Fish.build/Debug-iphonesimulator/UnitTests.build/PkgInfo    setenv PKGINFO_PATH UnitTests.octest/PkgInfo    setenv PLATFORM_DEVELOPER_APPLICATIONS_DIR /Developer/Platforms/iPhoneSimulator.platform/Developer/Applications    setenv PLATFORM_DEVELOPER_BIN_DIR /Developer/Platforms/iPhoneSimulator.platform/Developer/usr/bin    setenv PLATFORM_DEVELOPER_LIBRARY_DIR /Developer/Platforms/iPhoneSimulator.platform/Developer/Library    setenv PLATFORM_DEVELOPER_SDK_DIR /Developer/Platforms/iPhoneSimulator.platform/Developer/SDKs    setenv PLATFORM_DEVELOPER_TOOLS_DIR /Developer/Platforms/iPhoneSimulator.platform/Developer/Tools    setenv PLATFORM_DEVELOPER_USR_DIR /Developer/Platforms/iPhoneSimulator.platform/Developer/usr    setenv PLATFORM_DIR /Developer/Platforms/iPhoneSimulator.platform    setenv PLATFORM_NAME iphonesimulator    setenv PLATFORM_PRODUCT_BUILD_VERSION 8F192    setenv PLATFORM_VERSION_AVAILABILITY_H_FORMAT 40300    setenv PLIST_FILE_OUTPUT_FORMAT binary    setenv PLUGINS_FOLDER_PATH UnitTests.octest/PlugIns    setenv PREBINDING NO    setenv PRECOMPS_INCLUDE_HEADERS_FROM_BUILT_PRODUCTS_DIR YES    setenv PRECOMP_DESTINATION_DIR /Users/dl106/Fish/Fish/build/Fish.build/Debug-iphonesimulator/UnitTests.build/PrefixHeaders    setenv PRESERVE_DEAD_CODE_INITS_AND_TERMS NO    setenv PRIVATE_HEADERS_FOLDER_PATH UnitTests.octest/PrivateHeaders    setenv PRODUCT_NAME UnitTests    setenv PRODUCT_SETTINGS_PATH /Users/dl106/Fish/Fish/UnitTests-Info.plist    setenv PRODUCT_TYPE com.apple.product-type.bundle    setenv PROFILING_CODE NO    setenv PROJECT Fish    setenv PROJECT_DERIVED_FILE_DIR /Users/dl106/Fish/Fish/build/Fish.build/DerivedSources    setenv PROJECT_DIR /Users/dl106/Fish/Fish    setenv PROJECT_FILE_PATH /Users/dl106/Fish/Fish/Fish.xcodeproj    setenv PROJECT_NAME Fish    setenv PROJECT_TEMP_DIR /Users/dl106/Fish/Fish/build/Fish.build    setenv PUBLIC_HEADERS_FOLDER_PATH UnitTests.octest/Headers    setenv RECURSIVE_SEARCH_PATHS_FOLLOW_SYMLINKS YES    setenv REMOVE_CVS_FROM_RESOURCES YES    setenv REMOVE_GIT_FROM_RESOURCES YES    setenv REMOVE_SVN_FROM_RESOURCES YES    setenv REZ_COLLECTOR_DIR /Users/dl106/Fish/Fish/build/Fish.build/Debug-iphonesimulator/UnitTests.build/ResourceManagerResources    setenv REZ_OBJECTS_DIR /Users/dl106/Fish/Fish/build/Fish.build/Debug-iphonesimulator/UnitTests.build/ResourceManagerResources/Objects    setenv REZ_SEARCH_PATHS "\"/Users/dl106/Fish/Fish/build/Debug-iphonesimulator\" "    setenv RUN_CLANG_STATIC_ANALYZER NO    setenv SCAN_ALL_SOURCE_FILES_FOR_INCLUDES NO    setenv SCRIPTS_FOLDER_PATH UnitTests.octest/Scripts    setenv SCRIPT_INPUT_FILE_COUNT 0    setenv SCRIPT_OUTPUT_FILE_COUNT 0    setenv SDKROOT /Developer/Platforms/iPhoneSimulator.platform/Developer/SDKs/iPhoneSimulator4.3.sdk    setenv SDK_DIR /Developer/Platforms/iPhoneSimulator.platform/Developer/SDKs/iPhoneSimulator4.3.sdk    setenv SDK_NAME iphonesimulator4.3    setenv SDK_PRODUCT_BUILD_VERSION 8F192    setenv SED /usr/bin/sed    setenv SEPARATE_STRIP NO    setenv SEPARATE_SYMBOL_EDIT NO    setenv SET_DIR_MODE_OWNER_GROUP YES    setenv SET_FILE_MODE_OWNER_GROUP NO    setenv SHALLOW_BUNDLE YES    setenv SHARED_DERIVED_FILE_DIR /Users/dl106/Fish/Fish/build/Debug-iphonesimulator/DerivedSources    setenv SHARED_FRAMEWORKS_FOLDER_PATH UnitTests.octest/SharedFrameworks    setenv SHARED_PRECOMPS_DIR /var/folders/2X/2XWXbhY0HayA4NdwuGNXi-6scts/-Caches-/com.apple.Xcode.305701790/SharedPrecompiledHeaders    setenv SHARED_SUPPORT_FOLDER_PATH UnitTests.octest/SharedSupport    setenv SKIP_INSTALL YES    setenv SOURCE_ROOT /Users/dl106/Fish/Fish    setenv SRCROOT /Users/dl106/Fish/Fish    setenv STANDARD_C_PLUS_PLUS_LIBRARY_TYPE dynamic    setenv STRINGS_FILE_OUTPUT_ENCODING binary    setenv STRIP_INSTALLED_PRODUCT YES    setenv STRIP_STYLE non-global    setenv SUPPORTED_DEVICE_FAMILIES "1 2"    setenv SYMBOL_REPOSITORY_DIR /Users/dl106/Fish/Fish/build/Fish.build/Debug-iphonesimulator/UnitTests.build/SymbolRepositories    setenv SYMROOT /Users/dl106/Fish/Fish/build    setenv SYSTEM_ADMIN_APPS_DIR /Applications/Utilities    setenv SYSTEM_APPS_DIR /Applications    setenv SYSTEM_CORE_SERVICES_DIR /System/Library/CoreServices    setenv SYSTEM_DEMOS_DIR /Applications/Extras    setenv SYSTEM_DEVELOPER_APPS_DIR /Developer/Applications    setenv SYSTEM_DEVELOPER_BIN_DIR /Developer/usr/bin    setenv SYSTEM_DEVELOPER_DEMOS_DIR "/Developer/Applications/Utilities/Built Examples"    setenv SYSTEM_DEVELOPER_DIR /Developer    setenv SYSTEM_DEVELOPER_DOC_DIR "/Developer/ADC Reference Library"    setenv SYSTEM_DEVELOPER_GRAPHICS_TOOLS_DIR "/Developer/Applications/Graphics Tools"    setenv SYSTEM_DEVELOPER_JAVA_TOOLS_DIR "/Developer/Applications/Java Tools"    setenv SYSTEM_DEVELOPER_PERFORMANCE_TOOLS_DIR "/Developer/Applications/Performance Tools"    setenv SYSTEM_DEVELOPER_RELEASENOTES_DIR "/Developer/ADC Reference Library/releasenotes"    setenv SYSTEM_DEVELOPER_TOOLS /Developer/Tools    setenv SYSTEM_DEVELOPER_TOOLS_DOC_DIR "/Developer/ADC Reference Library/documentation/DeveloperTools"    setenv SYSTEM_DEVELOPER_TOOLS_RELEASENOTES_DIR "/Developer/ADC Reference Library/releasenotes/DeveloperTools"    setenv SYSTEM_DEVELOPER_USR_DIR /Developer/usr    setenv SYSTEM_DEVELOPER_UTILITIES_DIR /Developer/Applications/Utilities    setenv SYSTEM_DOCUMENTATION_DIR /Library/Documentation    setenv SYSTEM_LIBRARY_DIR /System/Library    setenv TARGETED_DEVICE_FAMILY 2    setenv TARGETNAME UnitTests    setenv TARGET_BUILD_DIR /Users/dl106/Fish/Fish/build/Debug-iphonesimulator    setenv TARGET_NAME UnitTests    setenv TARGET_TEMP_DIR /Users/dl106/Fish/Fish/build/Fish.build/Debug-iphonesimulator/UnitTests.build    setenv TEMP_DIR /Users/dl106/Fish/Fish/build/Fish.build/Debug-iphonesimulator/UnitTests.build    setenv TEMP_FILES_DIR /Users/dl106/Fish/Fish/build/Fish.build/Debug-iphonesimulator/UnitTests.build    setenv TEMP_FILE_DIR /Users/dl106/Fish/Fish/build/Fish.build/Debug-iphonesimulator/UnitTests.build    setenv TEMP_ROOT /Users/dl106/Fish/Fish/build    setenv UID 305701790    setenv UNLOCALIZED_RESOURCES_FOLDER_PATH UnitTests.octest    setenv UNSTRIPPED_PRODUCT NO    setenv USER dl106    setenv USER_APPS_DIR /Users/dl106/Applications    setenv USER_LIBRARY_DIR /Users/dl106/Library    setenv USE_DYNAMIC_NO_PIC YES    setenv USE_HEADERMAP YES    setenv USE_HEADER_SYMLINKS NO    setenv VALIDATE_PRODUCT NO    setenv VALID_ARCHS i386    setenv VERBOSE_PBXCP NO    setenv VERSIONPLIST_PATH UnitTests.octest/version.plist    setenv VERSION_INFO_BUILDER dl106    setenv VERSION_INFO_FILE UnitTests_vers.c    setenv VERSION_INFO_STRING "\"@(#)PROGRAM:UnitTests  PROJECT:Fish-\""    setenv WRAPPER_EXTENSION octest    setenv WRAPPER_NAME UnitTests.octest    setenv WRAPPER_SUFFIX .octest    setenv XCODE_APP_SUPPORT_DIR /Developer/Library/Xcode    setenv XCODE_PRODUCT_BUILD_VERSION 10M2518    setenv XCODE_VERSION_ACTUAL 0400    setenv XCODE_VERSION_MAJOR 0400    setenv XCODE_VERSION_MINOR 0400    setenv YACC /Developer/usr/bin/yacc    setenv _REAL_SDKROOT iphoneos    /bin/sh -c /Users/dl106/Fish/Fish/build/Fish.build/Debug-iphonesimulator/UnitTests.build/Script-B27727D114037E76004751A1.sh1#

CProcessInfoPlistFile /Users/dl106/Fish/Fish/build/Debug-iphonesimulator/UnitTests.octest/Info.plist UnitTests-Info.plist
s335946126.547994
e335946126.552418
r1
xProcessInfoPlistFile
x/Users/dl106/Fish/Fish/build/Debug-iphonesimulator/UnitTests.octest/Info.plist
xUnitTests-Info.plist
lSLF07#2@28"Process UnitTests-Info.plist335946126#335946126#0(0"0(0#0#43"/Users/dl106/Fish/Fish/UnitTests-Info.plist2464039568#355"    cd /Users/dl106/Fish/Fish    setenv PATH "/Developer/Platforms/iPhoneSimulator.platform/Developer/usr/bin:/Developer/usr/bin:/usr/bin:/bin:/usr/sbin:/sbin"    builtin-infoPlistUtility UnitTests-Info.plist -expandbuildsettings -format binary -platform iphonesimulator -o /Users/dl106/Fish/Fish/build/Debug-iphonesimulator/UnitTests.octest/Info.plist0#

CTouch /Users/dl106/Fish/Fish/build/Debug-iphonesimulator/UnitTests.octest
s335946127.223080
e335946127.227434
r1
xTouch
x/Users/dl106/Fish/Fish/build/Debug-iphonesimulator/UnitTests.octest
lSLF07#2@73"Touch /Users/dl106/Fish/Fish/build/Debug-iphonesimulator/UnitTests.octest335946127#335946127#0(0"0(0#0#0"2464039568#251"    cd /Users/dl106/Fish/Fish    setenv PATH "/Developer/Platforms/iPhoneSimulator.platform/Developer/usr/bin:/Developer/usr/bin:/usr/bin:/bin:/usr/sbin:/sbin"    /usr/bin/touch -c /Users/dl106/Fish/Fish/build/Debug-iphonesimulator/UnitTests.octest0#

